2019-06-16 17:41:39.695  INFO 66206 --- [restartedMain] c.p.productos.ProductosApplication       : Starting ProductosApplication on MacBook-Pro-de-Cristian.local with PID 66206 (/Users/cristianfariasgonzalez/proyectos_java/desafioLATAM/productos/target/classes started by cristianfariasgonzalez in /Users/cristianfariasgonzalez/proyectos_java/desafioLATAM/productos)
2019-06-16 17:41:39.703  INFO 66206 --- [restartedMain] c.p.productos.ProductosApplication       : No active profile set, falling back to default profiles: default
2019-06-16 17:41:39.753  INFO 66206 --- [restartedMain] .e.DevToolsPropertyDefaultsPostProcessor : Devtools property defaults active! Set 'spring.devtools.add-properties' to 'false' to disable
2019-06-16 17:41:39.754  INFO 66206 --- [restartedMain] .e.DevToolsPropertyDefaultsPostProcessor : For additional web related logging consider setting the 'logging.level.web' property to 'DEBUG'
2019-06-16 17:41:40.979  INFO 66206 --- [restartedMain] o.s.b.w.embedded.tomcat.TomcatWebServer  : Tomcat initialized with port(s): 8080 (http)
2019-06-16 17:41:41.008  INFO 66206 --- [restartedMain] o.apache.catalina.core.StandardService   : Starting service [Tomcat]
2019-06-16 17:41:41.009  INFO 66206 --- [restartedMain] org.apache.catalina.core.StandardEngine  : Starting Servlet engine: [Apache Tomcat/9.0.19]
2019-06-16 17:41:41.097  INFO 66206 --- [restartedMain] o.a.c.c.C.[Tomcat].[localhost].[/]       : Initializing Spring embedded WebApplicationContext
2019-06-16 17:41:41.098 DEBUG 66206 --- [restartedMain] o.s.web.context.ContextLoader            : Published root WebApplicationContext as ServletContext attribute with name [org.springframework.web.context.WebApplicationContext.ROOT]
2019-06-16 17:41:41.098  INFO 66206 --- [restartedMain] o.s.web.context.ContextLoader            : Root WebApplicationContext: initialization completed in 1344 ms
2019-06-16 17:41:41.241 DEBUG 66206 --- [restartedMain] o.s.w.s.handler.SimpleUrlHandlerMapping  : Patterns [/**/favicon.ico] in 'faviconHandlerMapping'
2019-06-16 17:41:41.360  INFO 66206 --- [restartedMain] o.s.s.concurrent.ThreadPoolTaskExecutor  : Initializing ExecutorService 'applicationTaskExecutor'
2019-06-16 17:41:41.374 DEBUG 66206 --- [restartedMain] s.w.s.m.m.a.RequestMappingHandlerAdapter : ControllerAdvice beans: 0 @ModelAttribute, 0 @InitBinder, 1 RequestBodyAdvice, 1 ResponseBodyAdvice
2019-06-16 17:41:41.419 DEBUG 66206 --- [restartedMain] s.w.s.m.m.a.RequestMappingHandlerMapping : 3 mappings in 'requestMappingHandlerMapping'
2019-06-16 17:41:41.430 DEBUG 66206 --- [restartedMain] o.s.w.s.handler.SimpleUrlHandlerMapping  : Patterns [/webjars/**, /**] in 'resourceHandlerMapping'
2019-06-16 17:41:41.438 DEBUG 66206 --- [restartedMain] .m.m.a.ExceptionHandlerExceptionResolver : ControllerAdvice beans: 0 @ExceptionHandler, 1 ResponseBodyAdvice
2019-06-16 17:41:41.563  INFO 66206 --- [restartedMain] o.s.b.d.a.OptionalLiveReloadServer       : LiveReload server is running on port 35729
2019-06-16 17:41:41.639  INFO 66206 --- [restartedMain] o.s.b.w.embedded.tomcat.TomcatWebServer  : Tomcat started on port(s): 8080 (http) with context path ''
2019-06-16 17:41:41.643  INFO 66206 --- [restartedMain] c.p.productos.ProductosApplication       : Started ProductosApplication in 2.301 seconds (JVM running for 2.969)
2019-06-16 17:41:48.749  INFO 66206 --- [http-nio-8080-exec-1] o.a.c.c.C.[Tomcat].[localhost].[/]       : Initializing Spring DispatcherServlet 'dispatcherServlet'
2019-06-16 17:41:48.751  INFO 66206 --- [http-nio-8080-exec-1] o.s.web.servlet.DispatcherServlet        : Initializing Servlet 'dispatcherServlet'
2019-06-16 17:41:48.751 DEBUG 66206 --- [http-nio-8080-exec-1] o.s.web.servlet.DispatcherServlet        : Detected StandardServletMultipartResolver
2019-06-16 17:41:48.761 DEBUG 66206 --- [http-nio-8080-exec-1] o.s.web.servlet.DispatcherServlet        : enableLoggingRequestDetails='false': request parameters and headers will be masked to prevent unsafe logging of potentially sensitive data
2019-06-16 17:41:48.761  INFO 66206 --- [http-nio-8080-exec-1] o.s.web.servlet.DispatcherServlet        : Completed initialization in 10 ms
2019-06-16 17:41:48.782 DEBUG 66206 --- [http-nio-8080-exec-1] o.s.web.servlet.DispatcherServlet        : GET "/", parameters={}
2019-06-16 17:41:48.787 DEBUG 66206 --- [http-nio-8080-exec-1] s.w.s.m.m.a.RequestMappingHandlerMapping : Mapped to public java.lang.String com.proyectoFinal.productos.HomeController.Main(org.springframework.ui.Model)
2019-06-16 17:41:48.840 DEBUG 66206 --- [http-nio-8080-exec-1] o.s.w.s.v.ContentNegotiatingViewResolver : Selected 'text/html' given [text/html, application/xhtml+xml, image/webp, image/apng, application/signed-exchange;v=b3, application/xml;q=0.9, */*;q=0.8]
2019-06-16 17:41:49.294 DEBUG 66206 --- [http-nio-8080-exec-1] o.s.web.servlet.DispatcherServlet        : Completed 200 OK
2019-06-16 17:41:51.002 DEBUG 66206 --- [http-nio-8080-exec-2] o.s.web.servlet.DispatcherServlet        : GET "/", parameters={}
2019-06-16 17:41:51.003 DEBUG 66206 --- [http-nio-8080-exec-2] s.w.s.m.m.a.RequestMappingHandlerMapping : Mapped to public java.lang.String com.proyectoFinal.productos.HomeController.Main(org.springframework.ui.Model)
2019-06-16 17:41:51.005 DEBUG 66206 --- [http-nio-8080-exec-2] o.s.w.s.v.ContentNegotiatingViewResolver : Selected 'text/html' given [text/html, application/xhtml+xml, image/webp, image/apng, application/signed-exchange;v=b3, application/xml;q=0.9, */*;q=0.8]
2019-06-16 17:41:51.009 DEBUG 66206 --- [http-nio-8080-exec-2] o.s.web.servlet.DispatcherServlet        : Completed 200 OK
2019-06-16 17:41:51.083 DEBUG 66206 --- [http-nio-8080-exec-3] o.s.web.servlet.DispatcherServlet        : GET "/favicon.ico", parameters={}
2019-06-16 17:41:51.085 DEBUG 66206 --- [http-nio-8080-exec-3] o.s.w.s.handler.SimpleUrlHandlerMapping  : Mapped to ResourceHttpRequestHandler [class path resource [META-INF/resources/], class path resource [resources/], class path resource [static/], class path resource [public/], ServletContext resource [/], class path resource []]
2019-06-16 17:41:51.111 DEBUG 66206 --- [http-nio-8080-exec-3] o.s.web.servlet.DispatcherServlet        : Completed 200 OK
2019-06-16 17:42:01.832 DEBUG 66206 --- [http-nio-8080-exec-5] o.s.web.servlet.DispatcherServlet        : GET "/", parameters={}
2019-06-16 17:42:01.832 DEBUG 66206 --- [http-nio-8080-exec-5] s.w.s.m.m.a.RequestMappingHandlerMapping : Mapped to public java.lang.String com.proyectoFinal.productos.HomeController.Main(org.springframework.ui.Model)
2019-06-16 17:42:01.834 DEBUG 66206 --- [http-nio-8080-exec-5] o.s.w.s.v.ContentNegotiatingViewResolver : Selected 'text/html' given [text/html, application/xhtml+xml, image/webp, image/apng, application/signed-exchange;v=b3, application/xml;q=0.9, */*;q=0.8]
2019-06-16 17:42:01.838 DEBUG 66206 --- [http-nio-8080-exec-5] o.s.web.servlet.DispatcherServlet        : Completed 200 OK
2019-06-16 17:42:01.874 DEBUG 66206 --- [http-nio-8080-exec-6] o.s.web.servlet.DispatcherServlet        : GET "/favicon.ico", parameters={}
2019-06-16 17:42:01.874 DEBUG 66206 --- [http-nio-8080-exec-6] o.s.w.s.handler.SimpleUrlHandlerMapping  : Mapped to ResourceHttpRequestHandler [class path resource [META-INF/resources/], class path resource [resources/], class path resource [static/], class path resource [public/], ServletContext resource [/], class path resource []]
2019-06-16 17:42:01.877 DEBUG 66206 --- [http-nio-8080-exec-6] o.s.web.servlet.DispatcherServlet        : Completed 200 OK
2019-06-16 17:42:02.943 DEBUG 66206 --- [http-nio-8080-exec-7] o.s.web.servlet.DispatcherServlet        : GET "/", parameters={}
2019-06-16 17:42:02.944 DEBUG 66206 --- [http-nio-8080-exec-7] s.w.s.m.m.a.RequestMappingHandlerMapping : Mapped to public java.lang.String com.proyectoFinal.productos.HomeController.Main(org.springframework.ui.Model)
2019-06-16 17:42:02.945 DEBUG 66206 --- [http-nio-8080-exec-7] o.s.w.s.v.ContentNegotiatingViewResolver : Selected 'text/html' given [text/html, application/xhtml+xml, image/webp, image/apng, application/signed-exchange;v=b3, application/xml;q=0.9, */*;q=0.8]
2019-06-16 17:42:02.947 DEBUG 66206 --- [http-nio-8080-exec-7] o.s.web.servlet.DispatcherServlet        : Completed 200 OK
2019-06-16 17:42:02.978 DEBUG 66206 --- [http-nio-8080-exec-8] o.s.web.servlet.DispatcherServlet        : GET "/favicon.ico", parameters={}
2019-06-16 17:42:02.979 DEBUG 66206 --- [http-nio-8080-exec-8] o.s.w.s.handler.SimpleUrlHandlerMapping  : Mapped to ResourceHttpRequestHandler [class path resource [META-INF/resources/], class path resource [resources/], class path resource [static/], class path resource [public/], ServletContext resource [/], class path resource []]
2019-06-16 17:42:02.981 DEBUG 66206 --- [http-nio-8080-exec-8] o.s.web.servlet.DispatcherServlet        : Completed 200 OK
2019-06-16 17:42:03.351 DEBUG 66206 --- [http-nio-8080-exec-9] o.s.web.servlet.DispatcherServlet        : GET "/", parameters={}
2019-06-16 17:42:03.352 DEBUG 66206 --- [http-nio-8080-exec-9] s.w.s.m.m.a.RequestMappingHandlerMapping : Mapped to public java.lang.String com.proyectoFinal.productos.HomeController.Main(org.springframework.ui.Model)
2019-06-16 17:42:03.353 DEBUG 66206 --- [http-nio-8080-exec-9] o.s.w.s.v.ContentNegotiatingViewResolver : Selected 'text/html' given [text/html, application/xhtml+xml, image/webp, image/apng, application/signed-exchange;v=b3, application/xml;q=0.9, */*;q=0.8]
2019-06-16 17:42:03.357 DEBUG 66206 --- [http-nio-8080-exec-9] o.s.web.servlet.DispatcherServlet        : Completed 200 OK
2019-06-16 17:42:03.392 DEBUG 66206 --- [http-nio-8080-exec-10] o.s.web.servlet.DispatcherServlet        : GET "/favicon.ico", parameters={}
2019-06-16 17:42:03.393 DEBUG 66206 --- [http-nio-8080-exec-10] o.s.w.s.handler.SimpleUrlHandlerMapping  : Mapped to ResourceHttpRequestHandler [class path resource [META-INF/resources/], class path resource [resources/], class path resource [static/], class path resource [public/], ServletContext resource [/], class path resource []]
2019-06-16 17:42:03.395 DEBUG 66206 --- [http-nio-8080-exec-10] o.s.web.servlet.DispatcherServlet        : Completed 200 OK
2019-06-16 17:42:03.505 DEBUG 66206 --- [http-nio-8080-exec-1] o.s.web.servlet.DispatcherServlet        : GET "/", parameters={}
2019-06-16 17:42:03.506 DEBUG 66206 --- [http-nio-8080-exec-1] s.w.s.m.m.a.RequestMappingHandlerMapping : Mapped to public java.lang.String com.proyectoFinal.productos.HomeController.Main(org.springframework.ui.Model)
2019-06-16 17:42:03.508 DEBUG 66206 --- [http-nio-8080-exec-1] o.s.w.s.v.ContentNegotiatingViewResolver : Selected 'text/html' given [text/html, application/xhtml+xml, image/webp, image/apng, application/signed-exchange;v=b3, application/xml;q=0.9, */*;q=0.8]
2019-06-16 17:42:03.512 DEBUG 66206 --- [http-nio-8080-exec-1] o.s.web.servlet.DispatcherServlet        : Completed 200 OK
2019-06-16 17:42:03.560 DEBUG 66206 --- [http-nio-8080-exec-2] o.s.web.servlet.DispatcherServlet        : GET "/favicon.ico", parameters={}
2019-06-16 17:42:03.561 DEBUG 66206 --- [http-nio-8080-exec-2] o.s.w.s.handler.SimpleUrlHandlerMapping  : Mapped to ResourceHttpRequestHandler [class path resource [META-INF/resources/], class path resource [resources/], class path resource [static/], class path resource [public/], ServletContext resource [/], class path resource []]
2019-06-16 17:42:03.564 DEBUG 66206 --- [http-nio-8080-exec-2] o.s.web.servlet.DispatcherServlet        : Completed 200 OK
2019-06-16 17:43:41.356  INFO 66206 --- [RMI TCP Connection(12)-127.0.0.1] inMXBeanRegistrar$SpringApplicationAdmin : Application shutdown requested.
2019-06-16 17:43:41.361  INFO 66206 --- [RMI TCP Connection(12)-127.0.0.1] o.s.s.concurrent.ThreadPoolTaskExecutor  : Shutting down ExecutorService 'applicationTaskExecutor'
