2019-06-16 00:53:00.888  INFO 62862 --- [restartedMain] com.log.ejemplo.EjemploLogApplication    : Starting EjemploLogApplication on MacBook-Pro-de-Cristian.local with PID 62862 (/Users/cristianfariasgonzalez/proyectos_java/desafioLATAM/ejemploLog/target/classes started by cristianfariasgonzalez in /Users/cristianfariasgonzalez/proyectos_java/desafioLATAM/ejemploLog)
2019-06-16 00:53:00.896  INFO 62862 --- [restartedMain] com.log.ejemplo.EjemploLogApplication    : No active profile set, falling back to default profiles: default
2019-06-16 00:53:00.948  INFO 62862 --- [restartedMain] .e.DevToolsPropertyDefaultsPostProcessor : Devtools property defaults active! Set 'spring.devtools.add-properties' to 'false' to disable
2019-06-16 00:53:00.948  INFO 62862 --- [restartedMain] .e.DevToolsPropertyDefaultsPostProcessor : For additional web related logging consider setting the 'logging.level.web' property to 'DEBUG'
2019-06-16 00:53:02.230  INFO 62862 --- [restartedMain] o.s.b.w.embedded.tomcat.TomcatWebServer  : Tomcat initialized with port(s): 8080 (http)
2019-06-16 00:53:02.258  INFO 62862 --- [restartedMain] o.apache.catalina.core.StandardService   : Starting service [Tomcat]
2019-06-16 00:53:02.258  INFO 62862 --- [restartedMain] org.apache.catalina.core.StandardEngine  : Starting Servlet engine: [Apache Tomcat/9.0.19]
2019-06-16 00:53:02.348  INFO 62862 --- [restartedMain] o.a.c.c.C.[Tomcat].[localhost].[/]       : Initializing Spring embedded WebApplicationContext
2019-06-16 00:53:02.348 DEBUG 62862 --- [restartedMain] o.s.web.context.ContextLoader            : Published root WebApplicationContext as ServletContext attribute with name [org.springframework.web.context.WebApplicationContext.ROOT]
2019-06-16 00:53:02.348  INFO 62862 --- [restartedMain] o.s.web.context.ContextLoader            : Root WebApplicationContext: initialization completed in 1399 ms
2019-06-16 00:53:02.476 DEBUG 62862 --- [restartedMain] o.s.w.s.handler.SimpleUrlHandlerMapping  : Patterns [/**/favicon.ico] in 'faviconHandlerMapping'
2019-06-16 00:53:02.627  INFO 62862 --- [restartedMain] o.s.s.concurrent.ThreadPoolTaskExecutor  : Initializing ExecutorService 'applicationTaskExecutor'
2019-06-16 00:53:02.639 DEBUG 62862 --- [restartedMain] s.w.s.m.m.a.RequestMappingHandlerAdapter : ControllerAdvice beans: 0 @ModelAttribute, 0 @InitBinder, 1 RequestBodyAdvice, 1 ResponseBodyAdvice
2019-06-16 00:53:02.691 DEBUG 62862 --- [restartedMain] s.w.s.m.m.a.RequestMappingHandlerMapping : 2 mappings in 'requestMappingHandlerMapping'
2019-06-16 00:53:02.711 DEBUG 62862 --- [restartedMain] o.s.w.s.handler.SimpleUrlHandlerMapping  : Patterns [/webjars/**, /**] in 'resourceHandlerMapping'
2019-06-16 00:53:02.720 DEBUG 62862 --- [restartedMain] .m.m.a.ExceptionHandlerExceptionResolver : ControllerAdvice beans: 0 @ExceptionHandler, 1 ResponseBodyAdvice
2019-06-16 00:53:02.810  INFO 62862 --- [restartedMain] o.s.b.d.a.OptionalLiveReloadServer       : LiveReload server is running on port 35729
2019-06-16 00:53:02.899  INFO 62862 --- [restartedMain] o.s.b.w.embedded.tomcat.TomcatWebServer  : Tomcat started on port(s): 8080 (http) with context path ''
2019-06-16 00:53:02.906  INFO 62862 --- [restartedMain] com.log.ejemplo.EjemploLogApplication    : Started EjemploLogApplication in 2.429 seconds (JVM running for 3.298)
2019-06-16 00:53:02.916  INFO 62862 --- [restartedMain] com.log.ejemplo.EjemploLogApplication    : info log
2019-06-16 00:53:02.917  WARN 62862 --- [restartedMain] com.log.ejemplo.EjemploLogApplication    : warning log
2019-06-16 00:53:02.917 ERROR 62862 --- [restartedMain] com.log.ejemplo.EjemploLogApplication    : error log
2019-06-16 00:57:58.715  INFO 62862 --- [RMI TCP Connection(16)-127.0.0.1] inMXBeanRegistrar$SpringApplicationAdmin : Application shutdown requested.
2019-06-16 00:57:58.719  INFO 62862 --- [RMI TCP Connection(16)-127.0.0.1] o.s.s.concurrent.ThreadPoolTaskExecutor  : Shutting down ExecutorService 'applicationTaskExecutor'
